[ERROR SQL]
SELECT sum(money) FROM xinhu_custfina WHERE `htid`= and `id`<>0

[Reason]
mysqliError:You have an error in your SQL syntax; check the manual that corresponds to your MySQL server version for the right syntax to use near 'and `id`<>0' at line 1

[URL]
http://127.0.0.3/index.php?a=publicstore&m=mode_custract|input&d=flow&modeid=35&ajaxbool=true&rnd=731729&pnum=

[POST]
[tablename_abc]:uc0jp0ui0paa0pzz0fa0fv0pzv0uc0jp0up0ju09
[defaultorder]:
[keywhere]:
[where]:
[sort]:
[dir]:
[loadci]:1
[storebeforeaction]:storebeforeshow
[storeafteraction]:storeaftershow
[modenum]:custract
[start]:0
[page]:1
[limit]:15
[atype]:my

[IP]
127.0.0.1

[datetime]
2019-12-23 13:52:45

[Browser]
Mozilla/5.0 (Windows NT 6.1; Win64; x64) AppleWebKit/537.36 (KHTML, like Gecko) Chrome/75.0.3770.90 Safari/537.36