[ERROR SQL]
select 
( c.money+( (select sum(money)  from xinhu_custfinaa where htid='' and type=0) - (select sum(money)  from xinhu_custfinaa where htid='' and type=1) ) )

- (select IFNULL(sum(money),0)  from xinhu_custfina  where  type=0 and ispay=1 and htid=)

as allmoney from   xinhu_custract c  where c.id=

[Reason]
mysqliError:You have an error in your SQL syntax; check the manual that corresponds to your MySQL server version for the right syntax to use near ')

as allmoney from   xinhu_custract c  where c.id=' at line 4

[URL]
http://127.0.0.3/index.php?a=publicstore&m=mode_custract|input&d=flow&modeid=35&ajaxbool=true&rnd=622535&pnum=

[POST]
[tablename_abc]:pa0ow0pd0wbb0wrr0zb0zm0wrm0pa0ow0pw0op02
[defaultorder]:
[keywhere]:
[where]:
[sort]:
[dir]:
[loadci]:1
[storebeforeaction]:storebeforeshow
[storeafteraction]:storeaftershow
[modenum]:custract
[start]:0
[page]:1
[limit]:15
[atype]:my

[IP]
127.0.0.1

[datetime]
2019-12-26 19:37:56

[Browser]
Mozilla/5.0 (Windows NT 6.1; Win64; x64) AppleWebKit/537.36 (KHTML, like Gecko) Chrome/75.0.3770.90 Safari/537.36