[ERROR SQL]
select  ( select   IFNULL(sum(money),0) from xinhu_custfinaa  where type=0 and htid in (select id from xinhu_custract where 1=1  and c.comid='1'  and custname in ('宜兴广告公司','宜兴广告公司')  and applydt in ('2019-12-18')) ) - ( select  IFNULL(sum(money),0) from xinhu_custfinaa  where type=1   and htid in (select id from xinhu_custract where 1=1  and c.comid='1'  and custname in ('宜兴广告公司','宜兴广告公司')  and applydt in ('2019-12-18')) ) as dzjer

[Reason]
mysqliError:Unknown column 'c.comid' in 'where clause'

[URL]
http://127.0.0.3/index.php?a=publicstore&m=mode_custract|input&d=flow&modeid=35&ajaxbool=true&rnd=448249&pnum=

[POST]
[tablename_abc]:kh0ft0ku0tvv0taa0cv0ci0tai0kh0ft0kt0fk011
[defaultorder]:
[keywhere]:
[where]:
[sort]:
[dir]:
[loadci]:3
[storebeforeaction]:storebeforeshow
[storeafteraction]:storeaftershow
[modenum]:custract
[start]:0
[page]:1
[limit]:15
[atype]:my
[key]:宜兴
[keystatus]:
[search_value]:
[dt]:

[IP]
127.0.0.1

[datetime]
2019-12-23 16:23:00

[Browser]
Mozilla/5.0 (Windows NT 6.1; Win64; x64) AppleWebKit/537.36 (KHTML, like Gecko) Chrome/75.0.3770.90 Safari/537.36