[ERROR SQL]
update `xinhu_custract` set `ispay`=0,`moneys`=98000,`isover`=0 where 总计

[Reason]
mysqliError:Unknown column '总计' in 'where clause'

[URL]
http://127.0.0.3/index.php?a=publicstore&m=mode_custract|input&d=flow&modeid=35&ajaxbool=true&rnd=946570&pnum=

[POST]
[tablename_abc]:ey0cj0ek0jii0jvv0hi0hu0jvu0ey0cj0ej0ce013
[defaultorder]:
[keywhere]:
[where]:
[sort]:
[dir]:
[loadci]:1
[storebeforeaction]:storebeforeshow
[storeafteraction]:storeaftershow
[modenum]:custract
[start]:0
[page]:1
[limit]:15
[atype]:my

[IP]
127.0.0.1

[datetime]
2019-12-23 13:54:51

[Browser]
Mozilla/5.0 (Windows NT 6.1; Win64; x64) AppleWebKit/537.36 (KHTML, like Gecko) Chrome/75.0.3770.90 Safari/537.36