[ERROR SQL]
select IFNULL(sum(money),0) as zong from xinhu_custract where  id in ()

[Reason]
mysqliError:You have an error in your SQL syntax; check the manual that corresponds to your MySQL server version for the right syntax to use near ')' at line 1

[URL]
http://zhongshui.cicscm.com/index.php?a=publicstore&m=mode_custract|input&d=flow&modeid=35&ajaxbool=true&rnd=757716&pnum=

[POST]
[tablename_abc]:he0uv0hc0vjj0vtt0kj0kf0vtf0he0uv0hv0uh012
[defaultorder]:
[keywhere]:
[where]:
[sort]:
[dir]:
[loadci]:2
[storebeforeaction]:storebeforeshow
[storeafteraction]:storeaftershow
[modenum]:custract
[start]:0
[page]:1
[limit]:15
[atype]:type

[IP]
113.118.210.152

[datetime]
2020-02-14 22:48:43

[Browser]
Mozilla/5.0 (Windows NT 6.1; WOW64) AppleWebKit/537.36 (KHTML, like Gecko) Chrome/75.0.3770.100 Safari/537.36