[ERROR SQL]
select IFNULL(sum(money),0) as yishou from xinhu_custfina  where  type=0 and ispay=1  and htid in ()

[Reason]
mysqliError:You have an error in your SQL syntax; check the manual that corresponds to your MySQL server version for the right syntax to use near ')' at line 1

[URL]
http://dl.ybz58.com/index.php?a=publicstore&m=mode_custract|input&d=flow&modeid=35&ajaxbool=true&rnd=586532&pnum=

[POST]
[tablename_abc]:at0db0az0bgg0bww0pg0po0bwo0at0db0ab0da03
[defaultorder]:
[keywhere]:
[where]:
[sort]:
[dir]:
[loadci]:22
[storebeforeaction]:storebeforeshow
[storeafteraction]:storeaftershow
[modenum]:custract
[start]:0
[page]:1
[limit]:15
[atype]:my
[soufields_signdt_start]:
[soufields_signdt_end]:
[soufields_num]:
[soufields_custname]:
[soufields_content]:LED
[soufields_startdt_start]:
[soufields_startdt_end]:
[soufields_moneys]:
[soufields_manager]:
[soufields_createname]:
[key]:
[search_value]:
[keystatus]:
[dt]:

[IP]
14.127.83.137

[datetime]
2020-04-25 21:36:49

[Browser]
Mozilla/5.0 (Windows NT 10.0; WOW64) AppleWebKit/537.36 (KHTML, like Gecko) Chrome/70.0.3538.25 Safari/537.36 Core/1.70.3741.400 QQBrowser/10.5.3863.400