[ERROR SQL]
SELECT count(1) FROM xinhu_custract WHERE 1=1    and 1=1 and ( `uid` in(select `id` from `xinhu_admin` where `companyid`=86) )   and uid in(select `id` from `xinhu_admin` where 1=1 and ()) and `comid` in(86)

[Reason]
mysqliError:You have an error in your SQL syntax; check the manual that corresponds to your MySQL server version for the right syntax to use near ')) and `comid` in(86)' at line 1

[URL]
http://zhongshui.cicscm.com/index.php?a=publicstore&m=mode_custract|input&d=flow&modeid=35&ajaxbool=true&rnd=755811&pnum=

[POST]
[tablename_abc]:vj0pm0va0moo0mgg0to0tz0mgz0vj0pm0vm0pv05
[defaultorder]:
[keywhere]:
[where]:
[sort]:
[dir]:
[loadci]:2
[storebeforeaction]:storebeforeshow
[storeafteraction]:storeaftershow
[modenum]:custract
[start]:0
[page]:1
[limit]:15
[atype]:all

[IP]
121.34.54.138

[datetime]
2020-04-30 23:34:31

[Browser]
Mozilla/5.0 (Macintosh; Intel Mac OS X 10_15_4) AppleWebKit/537.36 (KHTML, like Gecko) Chrome/81.0.4044.129 Safari/537.36