[ERROR SQL]
select a.id,a.name,a.deptname,a.ranking,a.state,a.tel,a.sex,a.mobile,a.workdate,a.jiguan,a.minzu,a.xueli,a.email,a.syenddt,a.quitdt,a.positivedt,a.birtype,a.birthday,a.num,b.name as companyid from `xinhu_userinfo` a left join `xinhu_company` b on a.companyid=b.id where 1=1    and a.`id`='1' and (a.1=1 or instr(concat(',', a.`dwid`, ','), ',1,')>0)      order by a.id

[Reason]
mysqliError:Unknown column 'a.1' in 'where clause'

[URL]
http://dl.ybz58.com/index.php?a=publicstore&m=index&d=&ajaxbool=true&rnd=5770

[POST]
[tablename_abc]:gbb0tt0at0gbt0vv0gbv0gbt0gga0vb0gbv0zp0zt04
[defaultorder]:
[keywhere]:
[where]:
[sort]:
[dir]:
[loadci]:1
[storebeforeaction]:
[storeafteraction]:
[modenum]:userinfo
[start]:0
[page]:1
[limit]:0
[atype]:my

[IP]
183.12.239.112

[datetime]
2020-04-21 15:39:02

[Browser]
Mozilla/5.0 (Linux; Android 10; LIO-AL00 Build/HUAWEILIO-AL00; wv) AppleWebKit/537.36 (KHTML, like Gecko) Version/4.0 Chrome/66.0.3359.126 MQQBrowser/6.2 TBS/045135 Mobile Safari/537.36 MMWEBID/8107 MicroMessenger/7.0.13.1640(0x27000D37) Process/tools NetType/WIFI Language/zh_CN ABI/arm64 WeChat/arm64