[ERROR SQL]
insert into `xinhu_im_group` set `sort`='0',`name`='费用报销报表',`recename`=null,`types`='财务管理',`iconcolor`=null,`receid`=null,`url`='auto',`face`=null,`valid`='1',`num`='Expense Reimbursement Report',`pid`='0',`yylx`='0',`urlpc`=null,`urlm`=null,`type`='2'

[Reason]
mysqliError:Data too long for column 'num' at row 1

[URL]
http://dl.ybz58.com/index.php?a=publicsave&m=yingyong&d=main&ajaxbool=true&rnd=512875

[POST]
[id]:0
[setid]:0
[pid]:0
[num]:Expense Reimbursement Report
[name]:费用报销报表
[url]:auto
[types]:财务管理
[urlpc]:
[urlm]:
[yylx]:0
[face]:
[iconcolor]:
[sort]:0
[recename]:
[receid]:
[explain]:
[valid]:1
[int_filestype]:sort,yylx
[otherfields]:type=2
[tablename_postabc]:va0ta0dv0gbm0vb0zg0ad0ggt0gbb0tt0pz0zt04
[submitfields_postabc]:c29ydCxuYW1lLHJlY2VuYW1lLHR5cGVzLGljb25jb2xvcixyZWNlaWQsdXJsLGZhY2UsdmFsaWQsbnVtLHBpZCx5eWx4LHVybHBjLHVybG0:
[aftersaveaction]:
[beforesaveaction]:beforesave
[editrecord_postabc]:false
[sysmodenumabc]:
[sys_signature]:ec4c60ed1b26e65d53167868790f90ea
[sys_timeature]:1586623190

[IP]
113.118.36.185

[datetime]
2020-04-12 00:39:50

[Browser]
Mozilla/5.0 (Macintosh; Intel Mac OS X 10_15_0) AppleWebKit/537.36 (KHTML, like Gecko) Chrome/80.0.3987.163 Safari/537.36