[ERROR SQL]
select IFNULL(sum(money),0) as zong from xinhu_custract where  id in ()

[Reason]
mysqliError:You have an error in your SQL syntax; check the manual that corresponds to your MySQL server version for the right syntax to use near ')' at line 1

[URL]
http://dl.ybz58.com/index.php?a=publicstore&m=mode_custract|input&d=flow&modeid=35&ajaxbool=true&rnd=280066&pnum=

[POST]
[tablename_abc]:zp0mr0zo0rww0rll0dw0dg0rlg0zp0mr0zr0mz01
[defaultorder]:
[keywhere]:
[where]:
[sort]:
[dir]:
[loadci]:3
[storebeforeaction]:storebeforeshow
[storeafteraction]:storeaftershow
[modenum]:custract
[start]:0
[page]:1
[limit]:15
[atype]:type

[IP]
113.118.37.64

[datetime]
2020-04-28 23:08:17

[Browser]
Mozilla/5.0 (Macintosh; Intel Mac OS X 10_15_4) AppleWebKit/537.36 (KHTML, like Gecko) Chrome/81.0.4044.129 Safari/537.36