[ERROR SQL]
SELECT count(1) FROM xinhu_custract WHERE 1=1    and 1=1 and ( `uid` in(select `id` from `xinhu_admin` where `companyid`=79) )   and uid in(select `id` from `xinhu_admin` where 1=1 and ()) and `comid` in(79)

[Reason]
mysqliError:You have an error in your SQL syntax; check the manual that corresponds to your MySQL server version for the right syntax to use near ')) and `comid` in(79)' at line 1

[URL]
http://dl.ybz58.com/index.php?a=publicstore&m=mode_custract|input&d=flow&modeid=35&ajaxbool=true&rnd=882020&pnum=

[POST]
[tablename_abc]:ji0ao0jt0odd0omm0vd0vp0omp0ji0ao0jo0aj06
[defaultorder]:
[keywhere]:
[where]:
[sort]:
[dir]:
[loadci]:3
[storebeforeaction]:storebeforeshow
[storeafteraction]:storeaftershow
[modenum]:custract
[start]:0
[page]:1
[limit]:15
[atype]:all

[IP]
14.127.82.129

[datetime]
2020-04-30 22:30:00

[Browser]
Mozilla/5.0 (Windows NT 10.0; WOW64) AppleWebKit/537.36 (KHTML, like Gecko) Chrome/78.0.3904.108 Safari/537.36