[ERROR SQL]
select * from xinhu_custract where 1=1    and 1=1 and ( `uid` in(select `id` from `xinhu_admin` where `companyid`=79) )   and uid in(select `id` from `xinhu_admin` where 1=1 and ()) and `comid` in(79)      order by `optdt` desc    limit 0,15

[Reason]
mysqliError:You have an error in your SQL syntax; check the manual that corresponds to your MySQL server version for the right syntax to use near ')) and `comid` in(79)      order by `optdt` desc    limit 0,15' at line 1

[URL]
http://zhongshui.cicscm.com/index.php?a=publicstore&m=mode_custract|input&d=flow&modeid=35&ajaxbool=true&rnd=690857&pnum=

[POST]
[tablename_abc]:kh0ft0ku0tvv0taa0cv0ci0tai0kh0ft0kt0fk011
[defaultorder]:
[keywhere]:
[where]:
[sort]:
[dir]:
[loadci]:10
[storebeforeaction]:storebeforeshow
[storeafteraction]:storeaftershow
[modenum]:custract
[start]:0
[page]:1
[limit]:15
[atype]:all

[IP]
113.118.37.64

[datetime]
2020-04-29 01:41:32

[Browser]
Mozilla/5.0 (Macintosh; Intel Mac OS X 10_15_4) AppleWebKit/537.36 (KHTML, like Gecko) Chrome/81.0.4044.129 Safari/537.36