[ERROR SQL]
select  ( select   IFNULL(sum(money),0) from xinhu_custfinaa  where paytype=0 and type=0 and htid in () ) - ( select  IFNULL(sum(money),0) from xinhu_custfinaa  where  paytype=0 and type=1   and htid in () ) as dzjer

[Reason]
mysqliError:You have an error in your SQL syntax; check the manual that corresponds to your MySQL server version for the right syntax to use near ') ) - ( select  IFNULL(sum(money),0) from xinhu_custfinaa  where  paytype=0 and ' at line 1

[URL]
http://dl.ybz58.com/index.php?a=publicstore&m=mode_custract|input&d=flow&modeid=35&ajaxbool=true&rnd=747349&pnum=

[POST]
[tablename_abc]:tv0zg0tp0gmm0gbb0am0ad0gbd0tv0zg0tg0zt04
[defaultorder]:
[keywhere]:
[where]:
[sort]:
[dir]:
[loadci]:4
[storebeforeaction]:storebeforeshow
[storeafteraction]:storeaftershow
[modenum]:custract
[start]:0
[page]:1
[limit]:15
[atype]:type

[IP]
14.127.83.125

[datetime]
2020-04-28 20:48:59

[Browser]
Mozilla/5.0 (Windows NT 10.0; WOW64; Trident/7.0; rv:11.0) like Gecko