[ERROR SQL]
select IFNULL(sum(money),0) as kaipiao  from xinhu_fininfom where num in ()

[Reason]
mysqliError:You have an error in your SQL syntax; check the manual that corresponds to your MySQL server version for the right syntax to use near ')' at line 1

[URL]
http://zhongshui.cicscm.com/index.php?a=publicstore&m=mode_custract|input&d=flow&modeid=35&ajaxbool=true&rnd=721990&pnum=

[POST]
[tablename_abc]:he0uv0hc0vjj0vtt0kj0kf0vtf0he0uv0hv0uh012
[defaultorder]:
[keywhere]:
[where]:
[sort]:
[dir]:
[loadci]:4
[storebeforeaction]:storebeforeshow
[storeafteraction]:storeaftershow
[modenum]:custract
[start]:0
[page]:1
[limit]:15
[atype]:type

[IP]
113.118.37.64

[datetime]
2020-04-28 01:02:33

[Browser]
Mozilla/5.0 (Macintosh; Intel Mac OS X 10_15_4) AppleWebKit/537.36 (KHTML, like Gecko) Chrome/81.0.4044.122 Safari/537.36