[ERROR SQL]
SELECT count(1) FROM xinhu_custract WHERE 1=1    and 1=1 and ( `uid` in(select `id` from `xinhu_admin` where `companyid`=86) )   and uid in(select `id` from `xinhu_admin` where 1=1 and ()) and `comid` in(86)

[Reason]
mysqliError:You have an error in your SQL syntax; check the manual that corresponds to your MySQL server version for the right syntax to use near ')) and `comid` in(86)' at line 1

[URL]
http://zhongshui.cicscm.com/index.php?a=publicstore&m=mode_custract|input&d=flow&modeid=35&ajaxbool=true&rnd=497866&pnum=

[POST]
[tablename_abc]:he0uv0hc0vjj0vtt0kj0kf0vtf0he0uv0hv0uh012
[defaultorder]:
[keywhere]:
[where]:
[sort]:
[dir]:
[loadci]:12
[storebeforeaction]:storebeforeshow
[storeafteraction]:storeaftershow
[modenum]:custract
[start]:0
[page]:1
[limit]:15
[atype]:all

[IP]
121.34.54.138

[datetime]
2020-04-30 02:28:43

[Browser]
Mozilla/5.0 (Macintosh; Intel Mac OS X 10_15_4) AppleWebKit/605.1.15 (KHTML, like Gecko) Version/13.1 Safari/605.1.15