[ERROR SQL]
select IFNULL(sum(money),0) as yishou from xinhu_custfina  where  type=0 and ispay=1  and htid in ()

[Reason]
mysqliError:You have an error in your SQL syntax; check the manual that corresponds to your MySQL server version for the right syntax to use near ')' at line 1

[URL]
http://zhongshui.cicscm.com/index.php?a=publicstore&m=mode_custract|input&d=flow&modeid=35&ajaxbool=true&rnd=704829&pnum=

[POST]
[tablename_abc]:at0db0az0bgg0bww0pg0po0bwo0at0db0ab0da03
[defaultorder]:
[keywhere]:
[where]:
[sort]:
[dir]:
[loadci]:10
[storebeforeaction]:storebeforeshow
[storeafteraction]:storeaftershow
[modenum]:custract
[start]:0
[page]:1
[limit]:15
[atype]:type

[IP]
113.118.37.64

[datetime]
2020-04-28 01:06:49

[Browser]
Mozilla/5.0 (Macintosh; Intel Mac OS X 10_15_4) AppleWebKit/537.36 (KHTML, like Gecko) Chrome/81.0.4044.122 Safari/537.36