[ERROR SQL]
select IFNULL(sum(money),0) as yishou from xinhu_custfina  where  type=0 and ispay=1  and htid in ()

[Reason]
mysqliError:You have an error in your SQL syntax; check the manual that corresponds to your MySQL server version for the right syntax to use near ')' at line 1

[URL]
http://zhongshui.cicscm.com/index.php?a=publicstore&m=mode_custract|input&d=flow&modeid=35&ajaxbool=true&rnd=937092&pnum=

[POST]
[tablename_abc]:pa0ow0pd0wbb0wrr0zb0zm0wrm0pa0ow0pw0op02
[defaultorder]:
[keywhere]:
[where]:
[sort]:
[dir]:
[loadci]:19
[storebeforeaction]:storebeforeshow
[storeafteraction]:storeaftershow
[modenum]:custract
[start]:0
[page]:1
[limit]:15
[atype]:type

[IP]
121.34.54.138

[datetime]
2020-04-30 23:31:00

[Browser]
Mozilla/5.0 (Macintosh; Intel Mac OS X 10_15_4) AppleWebKit/537.36 (KHTML, like Gecko) Chrome/81.0.4044.129 Safari/537.36