[ERROR SQL]
SELECT count(1) FROM `xinhu_fininfom` a left join `xinhu_flow_bill` b on a.`id`=b.`mid` and b.`table`='fininfom' WHERE 1=1   and type=0  and (( a.`uid` in(select `id` from `xinhu_admin` where instr(`deptpath`,'[150]')>0  and `deptid`!=150) ) or ( a.`managerid` in(select `id` from `xinhu_admin` where instr(`deptpath`,'[150]')>0  and `deptid`!=150) )) and a.`comid` in(92)

[Reason]
mysqliError:Unknown column 'a.managerid' in 'IN/ALL/ANY subquery'

[URL]
http://zhongshui.cicscm.com/index.php?a=publicstore&m=mode_finfybx|input&d=flow&modeid=11&ajaxbool=true&rnd=273790&pnum=all

[POST]
[tablename_abc]:fo0dof0doi0ddj0fj0ij0tp0dof0fi0to0ai0ti07
[defaultorder]:
[keywhere]:
[where]:
[sort]:
[dir]:
[loadci]:1
[storebeforeaction]:storebeforeshow
[storeafteraction]:storeaftershow
[modenum]:finfybx
[start]:0
[page]:1
[limit]:15
[atype]:all

[IP]
113.118.36.34

[datetime]
2020-05-09 14:53:59

[Browser]
Mozilla/5.0 (Macintosh; Intel Mac OS X 10_15_4) AppleWebKit/605.1.15 (KHTML, like Gecko) Version/13.1 Safari/605.1.15