[ERROR SQL]
select IFNULL(sum(money),0) as yishou from xinhu_custfinaa where paytype=0 and type=1 and ispay=1  and htid='5'

[Reason]
mysqliError:Unknown column 'ispay' in 'where clause'

[URL]
https://sz.ybz58.com/index.php?a=publicstore&m=mode_pay_custract|input&d=flow&modeid=105&ajaxbool=true&rnd=455235&pnum=

[POST]
[tablename_abc]:ss0ei0ej0ku0yy0kj0ey0cs0ss0ki0yf0ifi0ys0ye0ey0cy014
[defaultorder]:
[keywhere]:
[where]:
[sort]:
[dir]:
[loadci]:2
[storebeforeaction]:storebeforeshow
[storeafteraction]:storeaftershow
[modenum]:pay_custract
[start]:0
[page]:1
[limit]:15
[atype]:my

[IP]
113.91.190.128

[datetime]
2020-05-31 15:12:38

[Browser]
Mozilla/5.0 (Macintosh; Intel Mac OS X 10_15_4) AppleWebKit/537.36 (KHTML, like Gecko) Chrome/83.0.4103.61 Safari/537.36