[ERROR SQL]
SELECT count(1) FROM xinhu_custract WHERE 1=1    and `managerid `='147' and `comid` in(88)

[Reason]
mysqliError:Unknown column 'managerid ' in 'where clause'

[URL]
http://zhongshui.cicscm.com/index.php?a=publicstore&m=mode_custract|input&d=flow&modeid=35&ajaxbool=true&rnd=239661&pnum=

[POST]
[tablename_abc]:if0td0iv0dzz0doo0jz0ja0doa0if0td0id0ti07
[defaultorder]:
[keywhere]:
[where]:
[sort]:
[dir]:
[loadci]:6
[storebeforeaction]:storebeforeshow
[storeafteraction]:storeaftershow
[modenum]:custract
[start]:0
[page]:1
[limit]:15
[atype]:wfzd

[IP]
113.118.39.67

[datetime]
2020-05-01 23:06:21

[Browser]
Mozilla/5.0 (Macintosh; Intel Mac OS X 10_15_4) AppleWebKit/605.1.15 (KHTML, like Gecko) Version/13.1 Safari/605.1.15