[ERROR SQL]
select * from xinhu_custract where 1=1    and ( (`uid` in(170)) ) or (  ) and `comid` in(92)      order by `optdt` desc    limit 0,15

[Reason]
mysqliError:You have an error in your SQL syntax; check the manual that corresponds to your MySQL server version for the right syntax to use near ') and `comid` in(92)      order by `optdt` desc    limit 0,15' at line 1

[URL]
http://dl.ybz58.com/index.php?a=publicstore&m=mode_custract|input&d=flow&modeid=35&ajaxbool=true&rnd=250315&pnum=

[POST]
[tablename_abc]:if0td0iv0dzz0doo0jz0ja0doa0if0td0id0ti07
[defaultorder]:
[keywhere]:
[where]:
[sort]:
[dir]:
[loadci]:2
[storebeforeaction]:storebeforeshow
[storeafteraction]:storeaftershow
[modenum]:custract
[start]:0
[page]:1
[limit]:15
[atype]:downall

[IP]
113.118.39.67

[datetime]
2020-05-02 00:01:37

[Browser]
Mozilla/5.0 (Macintosh; Intel Mac OS X 10_15_4) AppleWebKit/605.1.15 (KHTML, like Gecko) Version/13.1 Safari/605.1.15