[ERROR SQL]
select a.id,a.name,a.deptname,a.ranking,a.state,a.tel,a.sex,a.mobile,a.workdate,a.jiguan,a.minzu,a.xueli,a.email,a.syenddt,a.quitdt,a.positivedt,a.birtype,a.birthday,a.num,b.name as companyid from `xinhu_userinfo` a left join `xinhu_company` b on a.companyid=b.id where 1=1    and a.`id`='1' and (a.1=1 or instr(concat(',', a.`dwid`, ','), ',1,')>0)      order by a.id

[Reason]
mysqliError:Unknown column 'a.1' in 'where clause'

[URL]
http://dl.ybz58.com/index.php?a=publicstore&m=index&d=&ajaxbool=true&rnd=101704

[POST]
[tablename_abc]:ijj0yy0ey0ijy0ss0ijs0ijy0iie0sj0ijs0kh0ky014
[defaultorder]:
[keywhere]:
[where]:
[sort]:
[dir]:
[loadci]:1
[storebeforeaction]:
[storeafteraction]:
[modenum]:userinfo
[start]:0
[page]:1
[limit]:0
[atype]:my

[IP]
113.92.35.41

[datetime]
2020-05-19 12:10:16

[Browser]
Mozilla/5.0 (Macintosh; Intel Mac OS X 10_14_4) AppleWebKit/605.1.15 (KHTML, like Gecko) Version/12.1 Safari/605.1.15