[ERROR SQL]
select IFNULL(sum(money),0) as kaipiao  from xinhu_fininfom where num in ()

[Reason]
mysqliError:You have an error in your SQL syntax; check the manual that corresponds to your MySQL server version for the right syntax to use near ')' at line 1

[URL]
http://zhongshui.cicscm.com/index.php?a=publicstore&m=mode_pay_custract|input&d=flow&modeid=105&ajaxbool=true&rnd=845273&pnum=

[POST]
[tablename_abc]:tt0pb0pw0dm0aa0dw0pa0ot0tt0db0ag0bgb0at0ap0pa0oa03
[defaultorder]:
[keywhere]:
[where]:
[sort]:
[dir]:
[loadci]:5
[storebeforeaction]:storebeforeshow
[storeafteraction]:storeaftershow
[modenum]:pay_custract
[start]:0
[page]:1
[limit]:15
[atype]:allpaypustract

[IP]
113.91.188.34

[datetime]
2020-05-05 14:34:40

[Browser]
Mozilla/5.0 (Macintosh; Intel Mac OS X 10_15_4) AppleWebKit/605.1.15 (KHTML, like Gecko) Version/13.1 Safari/605.1.15