[ERROR SQL]
select IFNULL(sum(money),0) as zong from xinhu_custract where  id in ()

[Reason]
mysqliError:You have an error in your SQL syntax; check the manual that corresponds to your MySQL server version for the right syntax to use near ')' at line 1

[URL]
http://dl.ybz58.com/index.php?a=publicstore&m=mode_pay_custract|input&d=flow&modeid=105&ajaxbool=true&rnd=195400&pnum=

[POST]
[tablename_abc]:yy0hj0hv0cf0ee0cv0he0uy0yy0cj0ei0jij0ey0eh0he0ue013
[defaultorder]:
[keywhere]:
[where]:
[sort]:
[dir]:
[loadci]:3
[storebeforeaction]:storebeforeshow
[storeafteraction]:storeaftershow
[modenum]:pay_custract
[start]:0
[page]:1
[limit]:15
[atype]:pay_wfzd

[IP]
113.91.188.34

[datetime]
2020-05-05 14:23:21

[Browser]
Mozilla/5.0 (Macintosh; Intel Mac OS X 10_15_4) AppleWebKit/605.1.15 (KHTML, like Gecko) Version/13.1 Safari/605.1.15