[ERROR SQL]
select IFNULL(sum(money),0) as kaipiao  from xinhu_fininfom where num in ()

[Reason]
mysqliError:You have an error in your SQL syntax; check the manual that corresponds to your MySQL server version for the right syntax to use near ')' at line 1

[URL]
http://dl.ybz58.com/index.php?a=publicstore&m=mode_custract|input&d=flow&modeid=35&ajaxbool=true&rnd=993929&pnum=

[POST]
[tablename_abc]:kh0ft0ku0tvv0taa0cv0ci0tai0kh0ft0kt0fk011
[defaultorder]:
[keywhere]:
[where]:
[sort]:
[dir]:
[loadci]:2
[storebeforeaction]:storebeforeshow
[storeafteraction]:storeaftershow
[modenum]:custract
[start]:0
[page]:1
[limit]:15
[atype]:my

[IP]
116.7.44.199

[datetime]
2020-05-05 08:47:10

[Browser]
Mozilla/5.0 (Windows NT 10.0; WOW64) AppleWebKit/537.36 (KHTML, like Gecko) Chrome/65.0.3314.0 Safari/537.36 SE 2.X MetaSr 1.0