[ERROR SQL]
select IFNULL(sum(money),0) as kaipiao  from xinhu_fininfom where num in ()

[Reason]
mysqliError:You have an error in your SQL syntax; check the manual that corresponds to your MySQL server version for the right syntax to use near ')' at line 1

[URL]
http://dl.ybz58.com/index.php?a=publicstore&m=mode_pay_custract|input&d=flow&modeid=105&ajaxbool=true&rnd=724315&pnum=

[POST]
[tablename_abc]:ii0vo0vm0az0jj0am0vj0pi0ii0ao0jd0odo0ji0jv0vj0pj06
[defaultorder]:
[keywhere]:
[where]:
[sort]:
[dir]:
[loadci]:2
[storebeforeaction]:storebeforeshow
[storeafteraction]:storeaftershow
[modenum]:pay_custract
[start]:0
[page]:1
[limit]:15
[atype]:allpaypustract

[IP]
113.91.188.34

[datetime]
2020-05-05 14:26:19

[Browser]
Mozilla/5.0 (Macintosh; Intel Mac OS X 10_15_4) AppleWebKit/605.1.15 (KHTML, like Gecko) Version/13.1 Safari/605.1.15