[ERROR SQL]
select * from xinhu_fininfom where 1=1   and type=5  and (( `uid` in(select `id` from `xinhu_admin` where instr(`deptpath`,'[148]')>0  and `deptid`!=148) ) or ( `managerid` in(select `id` from `xinhu_admin` where instr(`deptpath`,'[148]')>0  and `deptid`!=148) )) and `comid` in(92)      order by `id` desc    limit 0,15

[Reason]
mysqliError:Unknown column 'managerid' in 'IN/ALL/ANY subquery'

[URL]
http://zhongshui.cicscm.com/index.php?a=publicstore&m=mode_finkai|input&d=flow&modeid=65&ajaxbool=true&rnd=32004&pnum=all

[POST]
[tablename_abc]:tw0bwt0bwa0bbp0tp0ap0dm0bwt0ta0dw0oa0da03
[defaultorder]:
[keywhere]:
[where]:
[sort]:
[dir]:
[loadci]:3
[storebeforeaction]:storebeforeshow
[storeafteraction]:storeaftershow
[modenum]:finkai
[start]:0
[page]:1
[limit]:15
[atype]:all

[IP]
113.118.36.34

[datetime]
2020-05-09 16:12:53

[Browser]
Mozilla/5.0 (Macintosh; Intel Mac OS X 10_15_4) AppleWebKit/605.1.15 (KHTML, like Gecko) Version/13.1 Safari/605.1.15