[ERROR SQL]
select * from xinhu_fininfom where 1=1   and type=5  and (( `uid` in(select `id` from `xinhu_admin` where instr(`deptpath`,'[147]')>0  and `deptid`!=147) ) or ( `managerid` in(select `id` from `xinhu_admin` where instr(`deptpath`,'[147]')>0  and `deptid`!=147) )) and `comid` in(92)      order by `id` desc    limit 0,15

[Reason]
mysqliError:Unknown column 'managerid' in 'IN/ALL/ANY subquery'

[URL]
http://zhongshui.cicscm.com/index.php?a=publicstore&m=mode_finkai|input&d=flow&modeid=65&ajaxbool=true&rnd=314125&pnum=all

[POST]
[tablename_abc]:ha0tah0tak0ttc0hc0kc0fj0tah0hk0fa0ik0fk011
[defaultorder]:
[keywhere]:
[where]:
[sort]:
[dir]:
[loadci]:1
[storebeforeaction]:storebeforeshow
[storeafteraction]:storeaftershow
[modenum]:finkai
[start]:0
[page]:1
[limit]:15
[atype]:all

[IP]
113.118.36.34

[datetime]
2020-05-09 15:22:02

[Browser]
Mozilla/5.0 (Macintosh; Intel Mac OS X 10_15_4) AppleWebKit/605.1.15 (KHTML, like Gecko) Version/13.1 Safari/605.1.15