[ERROR SQL]
select  ( select   IFNULL(sum(money),0) from xinhu_custfinaa  where paytype=0 and type=0 and htid in () ) - ( select  IFNULL(sum(money),0) from xinhu_custfinaa  where  paytype=0 and type=1   and htid in () ) as dzjer

[Reason]
mysqliError:You have an error in your SQL syntax; check the manual that corresponds to your MySQL server version for the right syntax to use near ') ) - ( select  IFNULL(sum(money),0) from xinhu_custfinaa  where  paytype=0 and ' at line 1

[URL]
http://zhongshui.cicscm.com/index.php?a=publicstore&m=mode_pay_custract|input&d=flow&modeid=105&ajaxbool=true&rnd=492485&pnum=

[POST]
[tablename_abc]:aa0zw0zr0og0pp0or0zp0ma0aa0ow0pb0wbw0pa0pz0zp0mp02
[defaultorder]:
[keywhere]:
[where]:
[sort]:
[dir]:
[loadci]:8
[storebeforeaction]:storebeforeshow
[storeafteraction]:storeaftershow
[modenum]:pay_custract
[start]:0
[page]:1
[limit]:15
[atype]:allpaypustract

[IP]
113.91.188.34

[datetime]
2020-05-05 14:33:02

[Browser]
Mozilla/5.0 (Macintosh; Intel Mac OS X 10_15_4) AppleWebKit/605.1.15 (KHTML, like Gecko) Version/13.1 Safari/605.1.15