[ERROR SQL]
select IFNULL(sum(money),0) as yishou from xinhu_custfina  where  type=0 and ispay=1  and htid in ()

[Reason]
mysqliError:You have an error in your SQL syntax; check the manual that corresponds to your MySQL server version for the right syntax to use near ')' at line 1

[URL]
http://zhongshui.cicscm.com/index.php?a=publicstore&m=mode_custract|input&d=flow&modeid=35&ajaxbool=true&rnd=215482&pnum=

[POST]
[tablename_abc]:at0db0az0bgg0bww0pg0po0bwo0at0db0ab0da03
[defaultorder]:
[keywhere]:
[where]:
[sort]:
[dir]:
[loadci]:5
[storebeforeaction]:storebeforeshow
[storeafteraction]:storeaftershow
[modenum]:custract
[start]:0
[page]:1
[limit]:15
[atype]:my

[IP]
121.34.54.138

[datetime]
2020-05-01 11:51:51

[Browser]
Mozilla/5.0 (Macintosh; Intel Mac OS X 10_15_4) AppleWebKit/605.1.15 (KHTML, like Gecko) Version/13.1 Safari/605.1.15