[ERROR SQL]
SELECT count(1) FROM xinhu_custract WHERE 1=1    and (( `uid` in(select `id` from `xinhu_admin` where instr(`deptpath`,'[147]')>0) and `deptid`!=147 ) or ( `managerid` in(select `id` from `xinhu_admin` where instr(`deptpath`,'[147]')>0) and `deptid`!=147 )) and `type`=0 and `comid` in(92)

[Reason]
mysqliError:Unknown column 'deptid' in 'where clause'

[URL]
http://zhongshui.cicscm.com/index.php?a=publicstore&m=mode_custract|input&d=flow&modeid=35&ajaxbool=true&rnd=301404&pnum=

[POST]
[tablename_abc]:ys0ki0yh0iff0ijj0ef0ec0ijc0ys0ki0yi0ky014
[defaultorder]:
[keywhere]:
[where]:
[sort]:
[dir]:
[loadci]:3
[storebeforeaction]:storebeforeshow
[storeafteraction]:storeaftershow
[modenum]:custract
[start]:0
[page]:1
[limit]:15
[atype]:all

[IP]
113.118.36.34

[datetime]
2020-05-09 13:55:42

[Browser]
Mozilla/5.0 (Macintosh; Intel Mac OS X 10_15_4) AppleWebKit/605.1.15 (KHTML, like Gecko) Version/13.1 Safari/605.1.15