[ERROR SQL]
select * from xinhu_custract where 1=1    and (( `uid` in(select `id` from `xinhu_admin` where instr(`deptpath`,'[150]')>0) and `deptid`!=150 ) or ( `managerid` in(select `id` from `xinhu_admin` where instr(`deptpath`,'[150]')>0) and `deptid`!=150 )) and `type`=0 and `comid` in(92)      order by `optdt` desc    limit 0,15

[Reason]
mysqliError:Unknown column 'deptid' in 'where clause'

[URL]
http://zhongshui.cicscm.com/index.php?a=publicstore&m=mode_custract|input&d=flow&modeid=35&ajaxbool=true&rnd=73947&pnum=

[POST]
[tablename_abc]:vj0pm0va0moo0mgg0to0tz0mgz0vj0pm0vm0pv05
[defaultorder]:
[keywhere]:
[where]:
[sort]:
[dir]:
[loadci]:28
[storebeforeaction]:storebeforeshow
[storeafteraction]:storeaftershow
[modenum]:custract
[start]:0
[page]:1
[limit]:15
[atype]:all

[IP]
113.118.36.34

[datetime]
2020-05-09 13:55:03

[Browser]
Mozilla/5.0 (Macintosh; Intel Mac OS X 10_15_4) AppleWebKit/605.1.15 (KHTML, like Gecko) Version/13.1 Safari/605.1.15