[ERROR SQL]
select IFNULL(sum(money),0) as yishou from xinhu_custfinaa where paytype=0 and type=1 and ispay=1  and htid='5'

[Reason]
mysqliError:Unknown column 'ispay' in 'where clause'

[URL]
https://sz.ybz58.com/index.php?a=publicstore&m=mode_pay_custract|input&d=flow&modeid=105&ajaxbool=true&rnd=604467&pnum=

[POST]
[tablename_abc]:jj0tm0tg0pd0vv0pg0tv0zj0jj0pm0vo0mom0vj0vt0tv0zv05
[defaultorder]:
[keywhere]:
[where]:
[sort]:
[dir]:
[loadci]:24
[storebeforeaction]:storebeforeshow
[storeafteraction]:storeaftershow
[modenum]:pay_custract
[start]:0
[page]:1
[limit]:15
[atype]:my

[IP]
113.91.190.128

[datetime]
2020-05-31 15:19:01

[Browser]
Mozilla/5.0 (Macintosh; Intel Mac OS X 10_15_4) AppleWebKit/537.36 (KHTML, like Gecko) Chrome/83.0.4103.61 Safari/537.36