[ERROR SQL]
SELECT `id`,`num`,`name` FROM xinhu_flow_where WHERE `status`=1 and `setid`=36 and `num` is not null and `islb`=1 and () and ifnull(`pnum`,'')='' ORDER BY `sort`

[Reason]
mysqliError:You have an error in your SQL syntax; check the manual that corresponds to your MySQL server version for the right syntax to use near ') and ifnull(`pnum`,'')='' ORDER BY `sort`' at line 1

[URL]
https://sz.ybz58.com/index.php?a=publicstore&m=mode_custfina|input&d=flow&modeid=36&ajaxbool=true&rnd=265004&pnum=

[POST]
[tablename_abc]:at0db0az0bgg0bww0pb0tw0bbg0ta0bwt0zt0da03
[defaultorder]:
[keywhere]:
[where]:
[sort]:
[dir]:
[loadci]:1
[storebeforeaction]:storebeforeshow
[storeafteraction]:storeaftershow
[modenum]:custfina
[start]:0
[page]:1
[limit]:15
[atype]:myskd

[IP]
113.91.37.104

[datetime]
2020-06-24 16:52:18

[Browser]
Mozilla/5.0 (Windows NT 6.1; WOW64) AppleWebKit/537.36 (KHTML, like Gecko) Chrome/70.0.3538.25 Safari/537.36 Core/1.70.3766.400 QQBrowser/10.6.4163.400