[ERROR SQL]
insert into xinhu_finpiao (type,ptype,optdt,opendt,optname,custname,maicustname,money,maicustid,comid,optid,kainame,status,explain) values ('1','2','2020-01-07 13:54:37','1970-01-01','admin','壹本帐','圆子科技','1000','12','1','1','admin','1','GGGGGG')

[Reason]
mysqliError:You have an error in your SQL syntax; check the manual that corresponds to your MySQL server version for the right syntax to use near 'explain) values ('1','2','2020-01-07 13:54:37','1970-01-01','admin','壹本帐',' at line 1

[URL]
http://127.0.0.3/index.php?a=save&m=mode_finkai|input&d=flow&ajaxbool=true&rnd=991734

[POST]
[id]:0
[base_name]:管理员
[type]:5
[base_deptname]:管理组
[name]:Auser1
[money]:1000
[paytype]:2
[paydt]:2020-01-07
[fullname]:圆子科技
[custid]:12
[shibieid]:
[address]:深圳龙岗
[tel]:23124
[openbank]:中国银行
[cardid]:admin@szrwtech.com
[num]:202001001
[inorout]:1
[explain]:GGGGGG
[fileid]:
[sysmodeid]:65
[sysmodenum]:finkai

[IP]
127.0.0.1

[datetime]
2020-01-07 13:54:37

[Browser]
Mozilla/5.0 (Windows NT 6.1; Win64; x64) AppleWebKit/537.36 (KHTML, like Gecko) Chrome/75.0.3770.90 Safari/537.36