[ERROR SQL]
select IFNULL(sum(money),0) as kaipiao  from xinhu_fininfom where num in ()

[Reason]
mysqliError:You have an error in your SQL syntax; check the manual that corresponds to your MySQL server version for the right syntax to use near ')' at line 1

[URL]
http://127.0.0.3/index.php?a=publicstore&m=mode_custract|input&d=flow&modeid=35&ajaxbool=true&rnd=594279&pnum=

[POST]
[tablename_abc]:pa0ow0pd0wbb0wrr0zb0zm0wrm0pa0ow0pw0op02
[defaultorder]:
[keywhere]:
[where]:
[sort]:
[dir]:
[loadci]:5
[storebeforeaction]:storebeforeshow
[storeafteraction]:storeaftershow
[modenum]:custract
[start]:0
[page]:1
[limit]:15
[atype]:bfsfk

[IP]
127.0.0.1

[datetime]
2020-01-14 14:23:52

[Browser]
Mozilla/5.0 (Windows NT 6.1; Win64; x64) AppleWebKit/537.36 (KHTML, like Gecko) Chrome/75.0.3770.90 Safari/537.36