[ERROR SQL]
select `name`,`id`,`id` as uid,`face`,`sort`,`deptallname`,`deptpath`,`ranking`,`tel`,`mobile`,`email`,`user`,`num`,`workdate`,`sex`,`deptname`,`deptnames`,`superman`,`status`,`type`,`online`,`lastonline`,`isvcard`,`source` from xinhu_admin where 1=1    and 1=1 and (  or instr(concat(',', `dwid`, ','), ',1,')>0)      order by sort    limit 0,15

[Reason]
mysqliError:You have an error in your SQL syntax; check the manual that corresponds to your MySQL server version for the right syntax to use near 'or instr(concat(',', `dwid`, ','), ',1,')>0)      order by sort    limit 0,15' at line 1

[URL]
http://127.0.0.3/index.php?a=publicstore&m=mode_user|input&d=flow&modeid=10&ajaxbool=true&rnd=663711&pnum=all

[POST]
[tablename_abc]:tv0ta0tm0ggp0va0ta0zm0zt04
[defaultorder]:
[keywhere]:
[where]:
[sort]:
[dir]:
[loadci]:1
[storebeforeaction]:storebeforeshow
[storeafteraction]:storeaftershow
[modenum]:user
[start]:0
[page]:1
[limit]:15
[atype]:all

[IP]
127.0.0.1

[datetime]
2020-01-13 11:23:47

[Browser]
Mozilla/5.0 (Windows NT 6.1; Win64; x64) AppleWebKit/537.36 (KHTML, like Gecko) Chrome/75.0.3770.90 Safari/537.36