[ERROR SQL]
SELECT * FROM select companyid from xinhu_admin where id='1' LIMIT 1

[Reason]
mysqliError:You have an error in your SQL syntax; check the manual that corresponds to your MySQL server version for the right syntax to use near 'select companyid from xinhu_admin where id='1' LIMIT 1' at line 1

[URL]
http://127.0.0.3/index.php?a=save&m=mode_user|input&d=flow&ajaxbool=true&rnd=558258

[POST]
[id]:0
[name]:中投鼎盛集团
[num]:202001001
[user]:admin
[sex]:男
[pass]:abc123
[sort]:0
[pingyin]:
[deptname]:壹本账科技
[deptid]:2
[ranking]:项目主管
[deptnames]:
[deptids]:
[rankings]:
[superman]:
[superid]:
[workdate]:2020-01-06
[companyid]:26
[temp_dwid]:
[dwid]:
[groupname]:
[mobile]:13410101774
[tel]:
[email]:
[weixinid]:
[sysmodeid]:10
[sysmodenum]:user

[IP]
127.0.0.1

[datetime]
2020-01-06 11:48:56

[Browser]
Mozilla/5.0 (Windows NT 6.1; Win64; x64) AppleWebKit/537.36 (KHTML, like Gecko) Chrome/75.0.3770.90 Safari/537.36