[ERROR SQL]
select IFNULL(sum(money),0) as zong from xinhu_custract where  id in ()

[Reason]
mysqliError:You have an error in your SQL syntax; check the manual that corresponds to your MySQL server version for the right syntax to use near ')' at line 1

[URL]
http://127.0.0.3/index.php?a=publicstore&m=mode_custract|input&d=flow&modeid=35&ajaxbool=true&rnd=937629&pnum=

[POST]
[tablename_abc]:kh0ft0ku0tvv0taa0cv0ci0tai0kh0ft0kt0fk011
[defaultorder]:
[keywhere]:
[where]:
[sort]:
[dir]:
[loadci]:2
[storebeforeaction]:storebeforeshow
[storeafteraction]:storeaftershow
[modenum]:custract
[start]:0
[page]:1
[limit]:15
[atype]:my
[key]:中
[keystatus]:
[search_value]:
[dt]:

[IP]
127.0.0.1

[datetime]
2020-01-09 11:10:23

[Browser]
Mozilla/5.0 (Windows NT 6.1; Win64; x64) AppleWebKit/537.36 (KHTML, like Gecko) Chrome/75.0.3770.90 Safari/537.36