[ERROR SQL]
select IFNULL(sum(money),0) as zong from xinhu_custract where  id in ()

[Reason]
mysqliError:You have an error in your SQL syntax; check the manual that corresponds to your MySQL server version for the right syntax to use near ')' at line 1

[URL]
http://127.0.0.3/index.php?a=publicstore&m=mode_custract|input&d=flow&modeid=35&ajaxbool=true&rnd=653129&pnum=

[POST]
[tablename_abc]:ey0cj0ek0jii0jvv0hi0hu0jvu0ey0cj0ej0ce013
[defaultorder]:
[keywhere]:
[where]:
[sort]:
[dir]:
[loadci]:12
[storebeforeaction]:storebeforeshow
[storeafteraction]:storeaftershow
[modenum]:custract
[start]:0
[page]:1
[limit]:15
[atype]:bfsfk

[IP]
127.0.0.1

[datetime]
2020-01-14 14:14:19

[Browser]
Mozilla/5.0 (Windows NT 6.1; Win64; x64) AppleWebKit/537.36 (KHTML, like Gecko) Chrome/75.0.3770.90 Safari/537.36