[ERROR SQL]
select IFNULL(sum(money),0) as yishou from xinhu_custfina  where  type=0 and ispay=1  and htid in ()

[Reason]
mysqliError:You have an error in your SQL syntax; check the manual that corresponds to your MySQL server version for the right syntax to use near ')' at line 1

[URL]
http://127.0.0.3/index.php?a=publicstore&m=mode_custract|input&d=flow&modeid=35&ajaxbool=true&rnd=179253&pnum=

[POST]
[tablename_abc]:if0td0iv0dzz0doo0jz0ja0doa0if0td0id0ti07
[defaultorder]:
[keywhere]:
[where]:
[sort]:
[dir]:
[loadci]:2
[storebeforeaction]:storebeforeshow
[storeafteraction]:storeaftershow
[modenum]:custract
[start]:0
[page]:1
[limit]:15
[atype]:my
[key]:中投
[keystatus]:
[search_value]:
[dt]:

[IP]
127.0.0.1

[datetime]
2020-01-09 10:36:03

[Browser]
Mozilla/5.0 (Windows NT 6.1; Win64; x64) AppleWebKit/537.36 (KHTML, like Gecko) Chrome/75.0.3770.90 Safari/537.36