[ERROR SQL]
select  ( select   IFNULL(sum(money),0) from xinhu_custfinaa  where paytype=0 and type=0 and htid in () ) - ( select  IFNULL(sum(money),0) from xinhu_custfinaa  where  paytype=0 and type=1   and htid in () ) as dzjer

[Reason]
mysqliError:You have an error in your SQL syntax; check the manual that corresponds to your MySQL server version for the right syntax to use near ') ) - ( select  IFNULL(sum(money),0) from xinhu_custfinaa  where  paytype=0 and ' at line 1

[URL]
http://127.0.0.3/index.php?a=publicstore&m=mode_custract|input&d=flow&modeid=35&ajaxbool=true&rnd=916080&pnum=

[POST]
[tablename_abc]:he0uv0hc0vjj0vtt0kj0kf0vtf0he0uv0hv0uh012
[defaultorder]:
[keywhere]:
[where]:
[sort]:
[dir]:
[loadci]:2
[storebeforeaction]:storebeforeshow
[storeafteraction]:storeaftershow
[modenum]:custract
[start]:0
[page]:1
[limit]:15
[atype]:my
[key]:中
[keystatus]:
[search_value]:
[dt]:

[IP]
127.0.0.1

[datetime]
2020-01-09 10:40:22

[Browser]
Mozilla/5.0 (Windows NT 6.1; Win64; x64) AppleWebKit/537.36 (KHTML, like Gecko) Chrome/75.0.3770.90 Safari/537.36