[ERROR SQL]
select * from xinhu_fininfom where 1=1   and type=5  and 1=1 and `comid` in(1,0)      order by `opendt` desc    limit 0,15

[Reason]
mysqliError:Unknown column 'opendt' in 'order clause'

[URL]
http://127.0.0.3/index.php?a=publicstore&m=mode_finkai|input&d=flow&modeid=65&ajaxbool=true&rnd=173667&pnum=all

[POST]
[tablename_abc]:sj0ijs0ijy0iie0se0ye0ku0ijs0sy0kj0cy0ky014
[defaultorder]:
[keywhere]:
[where]:
[sort]:
[dir]:
[loadci]:1
[storebeforeaction]:storebeforeshow
[storeafteraction]:storeaftershow
[modenum]:finkai
[start]:0
[page]:1
[limit]:15
[atype]:all

[IP]
127.0.0.1

[datetime]
2020-01-07 10:46:05

[Browser]
Mozilla/5.0 (Windows NT 6.1; Win64; x64) AppleWebKit/537.36 (KHTML, like Gecko) Chrome/75.0.3770.90 Safari/537.36