[ERROR SQL]
SELECT fpname FROM xinhu_feelv WHERE id=增值税普通发票 LIMIT 1

[Reason]
mysqliError:Unknown column '增值税普通发票' in 'where clause'

[URL]
http://127.0.0.3/index.php?a=publicstore&m=mode_finkai|input&d=flow&modeid=65&ajaxbool=true&rnd=448606&pnum=all

[POST]
[tablename_abc]:ha0tah0tak0ttc0hc0kc0fj0tah0hk0fa0ik0fk011
[defaultorder]:
[keywhere]:
[where]:
[sort]:
[dir]:
[loadci]:3
[storebeforeaction]:storebeforeshow
[storeafteraction]:storeaftershow
[modenum]:finkai
[start]:0
[page]:1
[limit]:15
[atype]:all

[IP]
127.0.0.1

[datetime]
2020-01-07 13:57:07

[Browser]
Mozilla/5.0 (Windows NT 6.1; Win64; x64) AppleWebKit/537.36 (KHTML, like Gecko) Chrome/75.0.3770.90 Safari/537.36